<?xml version="1.0" encoding="UTF-8"?>
<coverage generated="1724348767782" clover="3.2.0">
  <project timestamp="1724348767782" name="All files">
    <metrics statements="25" coveredstatements="23" conditionals="2" coveredconditionals="1" methods="5" coveredmethods="5" elements="32" coveredelements="29" complexity="0" loc="25" ncloc="25" packages="1" files="1" classes="1"/>
    <file name="fetching.tsx" path="/home/kaylem/Projects/frame-game/app/lib/fetching.tsx">
      <metrics statements="25" coveredstatements="23" conditionals="2" coveredconditionals="1" methods="5" coveredmethods="5"/>
      <line num="9" count="1" type="stmt"/>
      <line num="10" count="1" type="stmt"/>
      <line num="15" count="6" type="stmt"/>
      <line num="16" count="3" type="stmt"/>
      <line num="17" count="3" type="stmt"/>
      <line num="18" count="9" type="stmt"/>
      <line num="19" count="9" type="stmt"/>
      <line num="21" count="3" type="stmt"/>
      <line num="26" count="2" type="stmt"/>
      <line num="27" count="2" type="stmt"/>
      <line num="28" count="2" type="stmt"/>
      <line num="30" count="2" type="stmt"/>
      <line num="33" count="2" type="stmt"/>
      <line num="34" count="2" type="stmt"/>
      <line num="37" count="2" type="stmt"/>
      <line num="41" count="1" type="stmt"/>
      <line num="42" count="1" type="stmt"/>
      <line num="43" count="1" type="cond" truecount="1" falsecount="1"/>
      <line num="44" count="0" type="stmt"/>
      <line num="45" count="0" type="stmt"/>
      <line num="47" count="1" type="stmt"/>
      <line num="48" count="1" type="stmt"/>
      <line num="49" count="1" type="stmt"/>
      <line num="50" count="38" type="stmt"/>
      <line num="52" count="1" type="stmt"/>
    </file>
  </project>
</coverage>
