{"/home/kaylem/Projects/frame-game/app/lib/fetching.tsx": {"path":"/home/kaylem/Projects/frame-game/app/lib/fetching.tsx","statementMap":{"0":{"start":{"line":9,"column":16},"end":{"line":9,"column":83}},"1":{"start":{"line":10,"column":23},"end":{"line":12,"column":1}},"2":{"start":{"line":15,"column":16},"end":{"line":15,"column":63}},"3":{"start":{"line":15,"column":57},"end":{"line":15,"column":62}},"4":{"start":{"line":16,"column":16},"end":{"line":16,"column":46}},"5":{"start":{"line":17,"column":22},"end":{"line":20,"column":14}},"6":{"start":{"line":18,"column":23},"end":{"line":18,"column":28}},"7":{"start":{"line":19,"column":4},"end":{"line":19,"column":29}},"8":{"start":{"line":21,"column":2},"end":{"line":21,"column":39}},"9":{"start":{"line":26,"column":38},"end":{"line":26,"column":40}},"10":{"start":{"line":27,"column":25},"end":{"line":27,"column":64}},"11":{"start":{"line":28,"column":2},"end":{"line":28,"column":43}},"12":{"start":{"line":30,"column":17},"end":{"line":32,"column":3}},"13":{"start":{"line":33,"column":2},"end":{"line":35,"column":3}},"14":{"start":{"line":34,"column":4},"end":{"line":34,"column":59}},"15":{"start":{"line":37,"column":2},"end":{"line":37,"column":29}},"16":{"start":{"line":41,"column":14},"end":{"line":41,"column":42}},"17":{"start":{"line":42,"column":19},"end":{"line":42,"column":35}},"18":{"start":{"line":43,"column":2},"end":{"line":46,"column":3}},"19":{"start":{"line":44,"column":4},"end":{"line":44,"column":33}},"20":{"start":{"line":45,"column":4},"end":{"line":45,"column":14}},"21":{"start":{"line":47,"column":21},"end":{"line":47,"column":42}},"22":{"start":{"line":48,"column":20},"end":{"line":48,"column":22}},"23":{"start":{"line":49,"column":2},"end":{"line":51,"column":3}},"24":{"start":{"line":50,"column":4},"end":{"line":50,"column":35}},"25":{"start":{"line":52,"column":2},"end":{"line":52,"column":19}}},"fnMap":{"0":{"name":"buildQuery","decl":{"start":{"line":14,"column":22},"end":{"line":14,"column":32}},"loc":{"start":{"line":14,"column":84},"end":{"line":22,"column":1}},"line":14},"1":{"name":"(anonymous_1)","decl":{"start":{"line":15,"column":49},"end":{"line":15,"column":50}},"loc":{"start":{"line":15,"column":57},"end":{"line":15,"column":62}},"line":15},"2":{"name":"(anonymous_2)","decl":{"start":{"line":17,"column":34},"end":{"line":17,"column":35}},"loc":{"start":{"line":17,"column":45},"end":{"line":20,"column":3}},"line":17},"3":{"name":"getCharactersUrl","decl":{"start":{"line":24,"column":22},"end":{"line":24,"column":38}},"loc":{"start":{"line":24,"column":64},"end":{"line":38,"column":1}},"line":24},"4":{"name":"getCharacterList","decl":{"start":{"line":40,"column":22},"end":{"line":40,"column":38}},"loc":{"start":{"line":40,"column":83},"end":{"line":53,"column":1}},"line":40}},"branchMap":{"0":{"loc":{"start":{"line":43,"column":2},"end":{"line":46,"column":3}},"type":"if","locations":[{"start":{"line":43,"column":2},"end":{"line":46,"column":3}},{"start":{},"end":{}}],"line":43}},"s":{"0":1,"1":1,"2":3,"3":6,"4":3,"5":3,"6":9,"7":9,"8":3,"9":2,"10":2,"11":2,"12":2,"13":2,"14":2,"15":2,"16":1,"17":1,"18":1,"19":0,"20":0,"21":1,"22":1,"23":1,"24":38,"25":1},"f":{"0":3,"1":6,"2":9,"3":2,"4":1},"b":{"0":[0,1]},"_coverageSchema":"1a1c01bbd47fc00a2c39e90264f33305004495a9","hash":"b29157baa64170d23ff1ca7f403e4e6405b8378d"}
}
