TN:
SF:app/lib/fetching.tsx
FN:14,buildQuery
FN:15,(anonymous_1)
FN:17,(anonymous_2)
FN:24,getCharactersUrl
FN:40,getCharacterList
FNF:5
FNH:5
FNDA:3,buildQuery
FNDA:6,(anonymous_1)
FNDA:9,(anonymous_2)
FNDA:2,getCharactersUrl
FNDA:1,getCharacterList
DA:9,1
DA:10,1
DA:15,6
DA:16,3
DA:17,3
DA:18,9
DA:19,9
DA:21,3
DA:26,2
DA:27,2
DA:28,2
DA:30,2
DA:33,2
DA:34,2
DA:37,2
DA:41,1
DA:42,1
DA:43,1
DA:44,0
DA:45,0
DA:47,1
DA:48,1
DA:49,1
DA:50,38
DA:52,1
LF:25
LH:23
BRDA:43,0,0,0
BRDA:43,0,1,1
BRF:2
BRH:1
end_of_record
